Using pre-set license
Built from '2021.3/staging' branch; Version is '2021.3.24f1 (cf10dcf7010d) revision 13570268'; Using compiler version '192829333'; Build Type 'Release'
OS: 'Windows 10  (10.0.19045) 64bit Enterprise' Language: 'en' Physical Memory: 16275 MB
BatchMode: 1, IsHumanControllingUs: 0, StartBugReporterOnCrash: 0, Is64bit: 1, IsPro: 1

COMMAND LINE ARGUMENTS:
C:\Program Files\Unity 2021.3.24f1\Editor\Unity.exe
-adb2
-batchMode
-noUpm
-name
AssetImportWorker0
-projectPath
C:/Users/1475663/Projects/CrawlerV3
-logFile
Logs/AssetImportWorker0.log
-srvPort
50540
Successfully changed project path to: C:/Users/1475663/Projects/CrawlerV3
C:/Users/1475663/Projects/CrawlerV3
[UnityMemory] Configuration Parameters - Can be set up in boot.config
    "memorysetup-bucket-allocator-granularity=16"
    "memorysetup-bucket-allocator-bucket-count=8"
    "memorysetup-bucket-allocator-block-size=33554432"
    "memorysetup-bucket-allocator-block-count=8"
    "memorysetup-main-allocator-block-size=16777216"
    "memorysetup-thread-allocator-block-size=16777216"
    "memorysetup-gfx-main-allocator-block-size=16777216"
    "memorysetup-gfx-thread-allocator-block-size=16777216"
    "memorysetup-cache-allocator-block-size=4194304"
    "memorysetup-typetree-allocator-block-size=2097152"
    "memorysetup-profiler-bucket-allocator-granularity=16"
    "memorysetup-profiler-bucket-allocator-bucket-count=8"
    "memorysetup-profiler-bucket-allocator-block-size=33554432"
    "memorysetup-profiler-bucket-allocator-block-count=8"
    "memorysetup-profiler-allocator-block-size=16777216"
    "memorysetup-profiler-editor-allocator-block-size=1048576"
    "memorysetup-temp-allocator-size-main=16777216"
    "memorysetup-job-temp-allocator-block-size=2097152"
    "memorysetup-job-temp-allocator-block-size-background=1048576"
    "memorysetup-job-temp-allocator-reduction-small-platforms=262144"
    "memorysetup-temp-allocator-size-background-worker=32768"
    "memorysetup-temp-allocator-size-job-worker=262144"
    "memorysetup-temp-allocator-size-preload-manager=33554432"
    "memorysetup-temp-allocator-size-nav-mesh-worker=65536"
    "memorysetup-temp-allocator-size-audio-worker=65536"
    "memorysetup-temp-allocator-size-cloud-worker=32768"
    "memorysetup-temp-allocator-size-gi-baking-worker=262144"
    "memorysetup-temp-allocator-size-gfx=262144"
Player connection [2860] Host "[IP] 10.54.29.6 [Port] 0 [Flags] 2 [Guid] 2450141514 [EditorId] 2450141514 [Version] 1048832 [Id] WindowsEditor(7,MRI-05MGDA) [Debug] 1 [PackageName] WindowsEditor [ProjectName] Editor" joined multi-casting on [225.0.0.222:54997]...

Player connection [2860] Host "[IP] 10.54.29.6 [Port] 0 [Flags] 2 [Guid] 2450141514 [EditorId] 2450141514 [Version] 1048832 [Id] WindowsEditor(7,MRI-05MGDA) [Debug] 1 [PackageName] WindowsEditor [ProjectName] Editor" joined alternative multi-casting on [225.0.0.222:34997]...

Refreshing native plugins compatible for Editor in 68.88 ms, found 3 plugins.
Preloading 0 native plugins for Editor in 0.00 ms.
Initialize engine version: 2021.3.24f1 (cf10dcf7010d)
[Subsystems] Discovering subsystems at path C:/Program Files/Unity 2021.3.24f1/Editor/Data/Resources/UnitySubsystems
[Subsystems] Discovering subsystems at path C:/Users/1475663/Projects/CrawlerV3/Assets
GfxDevice: creating device client; threaded=0; jobified=0
Direct3D:
    Version:  Direct3D 11.0 [level 11.1]
    Renderer: NVIDIA Quadro M5000 (ID=0x13f0)
    Vendor:   NVIDIA
    VRAM:     8144 MB
    Driver:   30.0.15.1109
Initialize mono
Mono path[0] = 'C:/Program Files/Unity 2021.3.24f1/Editor/Data/Managed'
Mono path[1] = 'C:/Program Files/Unity 2021.3.24f1/Editor/Data/MonoBleedingEdge/lib/mono/unityjit-win32'
Mono config path = 'C:/Program Files/Unity 2021.3.24f1/Editor/Data/MonoBleedingEdge/etc'
Using monoOptions --debugger-agent=transport=dt_socket,embedding=1,server=y,suspend=n,address=127.0.0.1:56500
Begin MonoManager ReloadAssembly
Registering precompiled unity dll's ...
Register platform support module: C:/Program Files/Unity 2021.3.24f1/Editor/Data/PlaybackEngines/WindowsStandaloneSupport/UnityEditor.WindowsStandalone.Extensions.dll
Registered in 0.006947 seconds.
Native extension for WindowsStandalone target not found
Refreshing native plugins compatible for Editor in 65.72 ms, found 3 plugins.
Preloading 0 native plugins for Editor in 0.00 ms.
Mono: successfully reloaded assembly
- Completed reload, in  0.732 seconds
Domain Reload Profiling:
	ReloadAssembly (733ms)
		BeginReloadAssembly (98ms)
			ExecutionOrderSort (0ms)
			DisableScriptedObjects (0ms)
			BackupInstance (0ms)
			ReleaseScriptingObjects (0ms)
			CreateAndSetChildDomain (1ms)
		EndReloadAssembly (507ms)
			LoadAssemblies (95ms)
			RebuildTransferFunctionScriptingTraits (0ms)
			SetupTypeCache (130ms)
			ReleaseScriptCaches (0ms)
			RebuildScriptCaches (29ms)
			SetupLoadedEditorAssemblies (292ms)
				LogAssemblyErrors (0ms)
				InitializePlatformSupportModulesInManaged (8ms)
				SetLoadedEditorAssemblies (0ms)
				RefreshPlugins (66ms)
				BeforeProcessingInitializeOnLoad (1ms)
				ProcessInitializeOnLoadAttributes (164ms)
				ProcessInitializeOnLoadMethodAttributes (53ms)
				AfterProcessingInitializeOnLoad (0ms)
				EditorAssembliesLoaded (0ms)
			ExecutionOrderSort2 (0ms)
			AwakeInstancesAfterBackupRestoration (0ms)
Platform modules already initialized, skipping
Registering precompiled user dll's ...
Registered in 0.004697 seconds.
Begin MonoManager ReloadAssembly
Symbol file LoadedFromMemory doesn't match image C:\Users\1475663\Projects\CrawlerV3\Library\PackageCache\com.unity.visualscripting@1.8.0\Editor\VisualScripting.Core\Dependencies\YamlDotNet\Unity.VisualScripting.YamlDotNet.dll
Symbol file LoadedFromMemory doesn't match image C:\Users\1475663\Projects\CrawlerV3\Library\PackageCache\com.unity.visualscripting@1.8.0\Editor\VisualScripting.Core\Dependencies\DotNetZip\Unity.VisualScripting.IonicZip.dll
Native extension for WindowsStandalone target not found
Refreshing native plugins compatible for Editor in 0.58 ms, found 3 plugins.
Preloading 0 native plugins for Editor in 0.00 ms.
Mono: successfully reloaded assembly
- Completed reload, in  1.069 seconds
Domain Reload Profiling:
	ReloadAssembly (1070ms)
		BeginReloadAssembly (136ms)
			ExecutionOrderSort (0ms)
			DisableScriptedObjects (7ms)
			BackupInstance (0ms)
			ReleaseScriptingObjects (0ms)
			CreateAndSetChildDomain (22ms)
		EndReloadAssembly (817ms)
			LoadAssemblies (91ms)
			RebuildTransferFunctionScriptingTraits (0ms)
			SetupTypeCache (252ms)
			ReleaseScriptCaches (1ms)
			RebuildScriptCaches (58ms)
			SetupLoadedEditorAssemblies (380ms)
				LogAssemblyErrors (0ms)
				InitializePlatformSupportModulesInManaged (6ms)
				SetLoadedEditorAssemblies (1ms)
				RefreshPlugins (1ms)
				BeforeProcessingInitializeOnLoad (74ms)
				ProcessInitializeOnLoadAttributes (259ms)
				ProcessInitializeOnLoadMethodAttributes (29ms)
				AfterProcessingInitializeOnLoad (11ms)
				EditorAssembliesLoaded (0ms)
			ExecutionOrderSort2 (0ms)
			AwakeInstancesAfterBackupRestoration (7ms)
Platform modules already initialized, skipping
========================================================================
Worker process is ready to serve import requests
Launched and connected shader compiler UnityShaderCompiler.exe after 0.04 seconds
Refreshing native plugins compatible for Editor in 0.87 ms, found 3 plugins.
Preloading 0 native plugins for Editor in 0.00 ms.
Unloading 3029 Unused Serialized files (Serialized files now loaded: 0)
Unloading 20 unused Assets / (30.2 KB). Loaded Objects now: 3492.
Memory consumption went from 107.6 MB to 107.6 MB.
Total: 3.542000 ms (FindLiveObjects: 0.266500 ms CreateObjectMapping: 0.125800 ms MarkObjects: 3.114200 ms  DeleteObjects: 0.034300 ms)

AssetImportParameters requested are different than current active one (requested -> active):
  custom:video-decoder-ogg-theora: a1e56fd34408186e4bbccfd4996cb3dc -> 
  custom:container-muxer-webm: aa71ff27fc2769a1b78a27578f13a17b -> 
  custom:container-demuxer-webm: 4f35f7cbe854078d1ac9338744f61a02 -> 
  custom:video-encoder-webm-vp8: eb34c28f22e8b96e1ab97ce403110664 -> 
  custom:audio-encoder-webm-vorbis: bf7c407c2cedff20999df2af8eb42d56 -> 
  custom:framework-win-MediaFoundation: 216162199b28c13a410421893ffa2e32 -> 
  custom:container-demuxer-ogg: 62fdf1f143b41e24485cea50d1cbac27 -> 
  custom:video-decoder-webm-vp8: 9c59270c3fd7afecdb556c50c9e8de78 -> 
  custom:audio-decoder-ogg-vorbis: bf7c407c2cedff20999df2af8eb42d56 -> 
========================================================================
Received Import Request.
  Time since last request: 13290.777003 seconds.
  path: Assets/UnityTechnologies/Playground/Examples/Adventure/StarCollectable.prefab
  artifactKey: Guid(62bf5f4c55a554355bb7f0b398f8620c) Importer(815301076,1909f56bfc062723c751e8b465ee728b)
Start importing Assets/UnityTechnologies/Playground/Examples/Adventure/StarCollectable.prefab using Guid(62bf5f4c55a554355bb7f0b398f8620c) Importer(815301076,1909f56bfc062723c751e8b465ee728b)  -> (artifact id: '1f1c2c5df33462d84ed5bdbd6d1bf578') in 0.062952 seconds 
========================================================================
Received Import Request.
  Time since last request: 0.000026 seconds.
  path: Assets/UnityTechnologies/Playground/Examples/Adventure
  artifactKey: Guid(8ea5098461824490bb09fbedbf4be598) Importer(815301076,1909f56bfc062723c751e8b465ee728b)
Start importing Assets/UnityTechnologies/Playground/Examples/Adventure using Guid(8ea5098461824490bb09fbedbf4be598) Importer(815301076,1909f56bfc062723c751e8b465ee728b)  -> (artifact id: '2713050989ef03d7039e8fb2c762511d') in 0.008543 seconds 
========================================================================
Received Import Request.
  Time since last request: 0.000024 seconds.
  path: Assets/UnityTechnologies/Playground/Examples
  artifactKey: Guid(5f7c50b8bd7554c8e8b50d6bc4246849) Importer(815301076,1909f56bfc062723c751e8b465ee728b)
Start importing Assets/UnityTechnologies/Playground/Examples using Guid(5f7c50b8bd7554c8e8b50d6bc4246849) Importer(815301076,1909f56bfc062723c751e8b465ee728b)  -> (artifact id: 'd564e4adb05a29e000909bd434e5d30e') in 0.008437 seconds 
========================================================================
Received Import Request.
  Time since last request: 4.290180 seconds.
  path: Assets/UnityTechnologies/Playground/Examples/Defender/Meteor.prefab
  artifactKey: Guid(8177d22e11d634712aa2c506186fc6bc) Importer(815301076,1909f56bfc062723c751e8b465ee728b)
Start importing Assets/UnityTechnologies/Playground/Examples/Defender/Meteor.prefab using Guid(8177d22e11d634712aa2c506186fc6bc) Importer(815301076,1909f56bfc062723c751e8b465ee728b)  -> (artifact id: '2490dbb71324e28571a6828c58d3bd52') in 0.045130 seconds 
========================================================================
Received Import Request.
  Time since last request: 5.227851 seconds.
  path: Assets/UnityTechnologies/Playground/Examples/Maze/Coin.prefab
  artifactKey: Guid(2e23adf719b9a428c94221163d353aba) Importer(815301076,1909f56bfc062723c751e8b465ee728b)
Start importing Assets/UnityTechnologies/Playground/Examples/Maze/Coin.prefab using Guid(2e23adf719b9a428c94221163d353aba) Importer(815301076,1909f56bfc062723c751e8b465ee728b)  -> (artifact id: 'ffae8db0f45b52fe007e5fcb013c8c3e') in 0.019065 seconds 
========================================================================
Received Import Request.
  Time since last request: 2.600097 seconds.
  path: Assets/UnityTechnologies/Playground/Examples/Roguelike/Ground.prefab
  artifactKey: Guid(4690e19586361409d9e45c5eb8398713) Importer(815301076,1909f56bfc062723c751e8b465ee728b)
Start importing Assets/UnityTechnologies/Playground/Examples/Roguelike/Ground.prefab using Guid(4690e19586361409d9e45c5eb8398713) Importer(815301076,1909f56bfc062723c751e8b465ee728b)  -> (artifact id: '1d49f8d2d7455f3b19347effb8cc3063') in 0.012309 seconds 
========================================================================
Received Import Request.
  Time since last request: 5.921297 seconds.
  path: Assets/UnityTechnologies/Playground/Prefabs/Characters/DannyLomax.prefab
  artifactKey: Guid(65584b61f817f5c4e83ff89f7d9540e8) Importer(815301076,1909f56bfc062723c751e8b465ee728b)
Start importing Assets/UnityTechnologies/Playground/Prefabs/Characters/DannyLomax.prefab using Guid(65584b61f817f5c4e83ff89f7d9540e8) Importer(815301076,1909f56bfc062723c751e8b465ee728b)  -> (artifact id: 'c40eb9a7c1bd50fcf32f4eb4881c6f40') in 0.065776 seconds 
========================================================================
Received Import Request.
  Time since last request: 0.000028 seconds.
  path: Assets/UnityTechnologies/Playground/Prefabs/Characters/PeetFourFingers.prefab
  artifactKey: Guid(123c9ee5f6646d744b756f33fbc194bd) Importer(815301076,1909f56bfc062723c751e8b465ee728b)
Start importing Assets/UnityTechnologies/Playground/Prefabs/Characters/PeetFourFingers.prefab using Guid(123c9ee5f6646d744b756f33fbc194bd) Importer(815301076,1909f56bfc062723c751e8b465ee728b)  -> (artifact id: '97a4f11e5be4ad7271cb3ce9fbe9b352') in 0.030299 seconds 
========================================================================
Received Import Request.
  Time since last request: 54.869040 seconds.
  path: Assets/UnityTechnologies/Playground/Prefabs/Particles/P_Explosion.prefab
  artifactKey: Guid(e61802031429a4e2e8f547dbca07fe84) Importer(815301076,1909f56bfc062723c751e8b465ee728b)
Start importing Assets/UnityTechnologies/Playground/Prefabs/Particles/P_Explosion.prefab using Guid(e61802031429a4e2e8f547dbca07fe84) Importer(815301076,1909f56bfc062723c751e8b465ee728b)  -> (artifact id: '45b7efae76836de877311322ded6bff4') in 0.011297 seconds 
========================================================================
Received Import Request.
  Time since last request: 0.000023 seconds.
  path: Assets/UnityTechnologies/Playground/Prefabs/Particles/P_MagicSparks.prefab
  artifactKey: Guid(0e6d7ae9fc99f42b2aad7e0ba5a4406f) Importer(815301076,1909f56bfc062723c751e8b465ee728b)
Start importing Assets/UnityTechnologies/Playground/Prefabs/Particles/P_MagicSparks.prefab using Guid(0e6d7ae9fc99f42b2aad7e0ba5a4406f) Importer(815301076,1909f56bfc062723c751e8b465ee728b)  -> (artifact id: 'acf4d912f5ddd94f45462dd5e310e008') in 0.017284 seconds 
========================================================================
Received Import Request.
  Time since last request: 14.211028 seconds.
  path: Assets/UnityTechnologies/Playground/Documentation/Cheatsheet Images/2 - Movement2.jpg
  artifactKey: Guid(e5a80eb666e8e4390a592998b7dedf2c) Importer(815301076,1909f56bfc062723c751e8b465ee728b)
Start importing Assets/UnityTechnologies/Playground/Documentation/Cheatsheet Images/2 - Movement2.jpg using Guid(e5a80eb666e8e4390a592998b7dedf2c) Importer(815301076,1909f56bfc062723c751e8b465ee728b)  -> (artifact id: '5311c49b39ba821e2926c83737737392') in 0.084839 seconds 
========================================================================
Received Import Request.
  Time since last request: 0.000026 seconds.
  path: Assets/UnityTechnologies/Playground/Documentation/Cheatsheet Images/5 - Conditions.jpg
  artifactKey: Guid(822782c9f82014cd49743c32ca050928) Importer(815301076,1909f56bfc062723c751e8b465ee728b)
Start importing Assets/UnityTechnologies/Playground/Documentation/Cheatsheet Images/5 - Conditions.jpg using Guid(822782c9f82014cd49743c32ca050928) Importer(815301076,1909f56bfc062723c751e8b465ee728b)  -> (artifact id: '16ee37c69be3fc602b2a4fa83b7d8331') in 0.029006 seconds 
========================================================================
Received Import Request.
  Time since last request: 8.693161 seconds.
  path: Assets/UnityTechnologies/Playground/_INTERNAL_/Gizmos/ActionCreate.png
  artifactKey: Guid(e38d5cf7669994538b137c810db0ea6c) Importer(815301076,1909f56bfc062723c751e8b465ee728b)
Start importing Assets/UnityTechnologies/Playground/_INTERNAL_/Gizmos/ActionCreate.png using Guid(e38d5cf7669994538b137c810db0ea6c) Importer(815301076,1909f56bfc062723c751e8b465ee728b)  -> (artifact id: '2f0516561379df02156a4fef2032f91f') in 0.034949 seconds 
========================================================================
Received Import Request.
  Time since last request: 0.000025 seconds.
  path: Assets/UnityTechnologies/Playground/_INTERNAL_/Gizmos/ObjectShooter.png
  artifactKey: Guid(8a086f8294cd34963995b190f89b21f6) Importer(815301076,1909f56bfc062723c751e8b465ee728b)
Start importing Assets/UnityTechnologies/Playground/_INTERNAL_/Gizmos/ObjectShooter.png using Guid(8a086f8294cd34963995b190f89b21f6) Importer(815301076,1909f56bfc062723c751e8b465ee728b)  -> (artifact id: 'f04f47fd6cca60d625352b3fa6dc32dd') in 0.025409 seconds 
========================================================================
Received Import Request.
  Time since last request: 0.000025 seconds.
  path: Assets/UnityTechnologies/Playground/_INTERNAL_/Gizmos/Patrol.png
  artifactKey: Guid(fa27c641146454eb9995ac89986e8a56) Importer(815301076,1909f56bfc062723c751e8b465ee728b)
Start importing Assets/UnityTechnologies/Playground/_INTERNAL_/Gizmos/Patrol.png using Guid(fa27c641146454eb9995ac89986e8a56) Importer(815301076,1909f56bfc062723c751e8b465ee728b)  -> (artifact id: '3a1b543accce19444aa83fb06f21de73') in 0.018668 seconds 
========================================================================
Received Import Request.
  Time since last request: 0.000032 seconds.
  path: Assets/UnityTechnologies/Playground/_INTERNAL_/Gizmos/ActionTeleport.png
  artifactKey: Guid(899f1cd946d3a45939bfa3a01a1e70d0) Importer(815301076,1909f56bfc062723c751e8b465ee728b)
Start importing Assets/UnityTechnologies/Playground/_INTERNAL_/Gizmos/ActionTeleport.png using Guid(899f1cd946d3a45939bfa3a01a1e70d0) Importer(815301076,1909f56bfc062723c751e8b465ee728b)  -> (artifact id: 'f6f0995b2df065114259b42500f2eff7') in 0.024828 seconds 
========================================================================
Received Import Request.
  Time since last request: 0.000023 seconds.
  path: Assets/UnityTechnologies/Playground/_INTERNAL_/Gizmos/CollectableAttribute.png
  artifactKey: Guid(4c9a1e238f5db4622a28990b248c24f8) Importer(815301076,1909f56bfc062723c751e8b465ee728b)
Start importing Assets/UnityTechnologies/Playground/_INTERNAL_/Gizmos/CollectableAttribute.png using Guid(4c9a1e238f5db4622a28990b248c24f8) Importer(815301076,1909f56bfc062723c751e8b465ee728b)  -> (artifact id: '1bbd4a68db6fcef51329ff37a574e2da') in 0.016108 seconds 
========================================================================
Received Import Request.
  Time since last request: 0.000024 seconds.
  path: Assets/UnityTechnologies/Playground/_INTERNAL_/Gizmos/ModifyHealthAttribute.png
  artifactKey: Guid(6338e58e414b0488fbb1f1273c691618) Importer(815301076,1909f56bfc062723c751e8b465ee728b)
Start importing Assets/UnityTechnologies/Playground/_INTERNAL_/Gizmos/ModifyHealthAttribute.png using Guid(6338e58e414b0488fbb1f1273c691618) Importer(815301076,1909f56bfc062723c751e8b465ee728b)  -> (artifact id: '15c66eae63ad1060f32f76b37bb5f8fe') in 0.023588 seconds 
========================================================================
Received Import Request.
  Time since last request: 0.000024 seconds.
  path: Assets/UnityTechnologies/Playground/_INTERNAL_/Gizmos/ConditionArea.png
  artifactKey: Guid(01d6f9217ade5415a81b721d4fe8d14f) Importer(815301076,1909f56bfc062723c751e8b465ee728b)
Start importing Assets/UnityTechnologies/Playground/_INTERNAL_/Gizmos/ConditionArea.png using Guid(01d6f9217ade5415a81b721d4fe8d14f) Importer(815301076,1909f56bfc062723c751e8b465ee728b)  -> (artifact id: 'a47950ac13063dac287b42984d8b7617') in 0.023951 seconds 
========================================================================
Received Import Request.
  Time since last request: 0.000019 seconds.
  path: Assets/UnityTechnologies/Playground/_INTERNAL_/Gizmos/ConditionRepeat.png
  artifactKey: Guid(5f3b4ae0797634605a7219822b2200fc) Importer(815301076,1909f56bfc062723c751e8b465ee728b)
Start importing Assets/UnityTechnologies/Playground/_INTERNAL_/Gizmos/ConditionRepeat.png using Guid(5f3b4ae0797634605a7219822b2200fc) Importer(815301076,1909f56bfc062723c751e8b465ee728b)  -> (artifact id: '05d6582f823f5222fc10f79f5c12ace9') in 0.024924 seconds 
========================================================================
Received Import Request.
  Time since last request: 0.000033 seconds.
  path: Assets/UnityTechnologies/Playground/_INTERNAL_/Gizmos/ObjectCreatorArea.png
  artifactKey: Guid(50b9517c7b5474ffaa447acbf805429e) Importer(815301076,1909f56bfc062723c751e8b465ee728b)
Start importing Assets/UnityTechnologies/Playground/_INTERNAL_/Gizmos/ObjectCreatorArea.png using Guid(50b9517c7b5474ffaa447acbf805429e) Importer(815301076,1909f56bfc062723c751e8b465ee728b)  -> (artifact id: 'd0300ed9aae1c22655b9bd11003e1832') in 0.022272 seconds 
========================================================================
Received Import Request.
  Time since last request: 0.000025 seconds.
  path: Assets/UnityTechnologies/Playground/_INTERNAL_/Gizmos/ResourceAttribute.png
  artifactKey: Guid(af4f4f4fd8c584563bcc98edd17e2c39) Importer(815301076,1909f56bfc062723c751e8b465ee728b)
Start importing Assets/UnityTechnologies/Playground/_INTERNAL_/Gizmos/ResourceAttribute.png using Guid(af4f4f4fd8c584563bcc98edd17e2c39) Importer(815301076,1909f56bfc062723c751e8b465ee728b)  -> (artifact id: 'a60d778f693ac8f14c45bf4279ab376d') in 0.023885 seconds 
========================================================================
Received Import Request.
  Time since last request: 5.341531 seconds.
  path: Assets/UnityTechnologies/Playground/_INTERNAL_/Materials/Confetti.mat
  artifactKey: Guid(af95ba57af0f143c1959c48c9b508c1b) Importer(815301076,1909f56bfc062723c751e8b465ee728b)
Start importing Assets/UnityTechnologies/Playground/_INTERNAL_/Materials/Confetti.mat using Guid(af95ba57af0f143c1959c48c9b508c1b) Importer(815301076,1909f56bfc062723c751e8b465ee728b)  -> (artifact id: 'ef3acdbb739979bef3907b0c9afa7276') in 0.134566 seconds 
========================================================================
Received Import Request.
  Time since last request: 0.000019 seconds.
  path: Assets/UnityTechnologies/Playground/_INTERNAL_/Materials/SmokePuff.mat
  artifactKey: Guid(06c7a1cfb47c644d19bb05eddd8152be) Importer(815301076,1909f56bfc062723c751e8b465ee728b)
Start importing Assets/UnityTechnologies/Playground/_INTERNAL_/Materials/SmokePuff.mat using Guid(06c7a1cfb47c644d19bb05eddd8152be) Importer(815301076,1909f56bfc062723c751e8b465ee728b)  -> (artifact id: 'f22f249ee7c1a8b32d3a3971fc453004') in 0.028899 seconds 
========================================================================
Received Import Request.
  Time since last request: 2.685389 seconds.
  path: Assets/UnityTechnologies/Playground/_INTERNAL_/Prefabs/ResourceItem.prefab
  artifactKey: Guid(ec870ed13dd68446abb3fc5534317068) Importer(815301076,1909f56bfc062723c751e8b465ee728b)
Start importing Assets/UnityTechnologies/Playground/_INTERNAL_/Prefabs/ResourceItem.prefab using Guid(ec870ed13dd68446abb3fc5534317068) Importer(815301076,1909f56bfc062723c751e8b465ee728b)  -> (artifact id: '3fbac6773a7d15d3a1c15138f39c5f5c') in 0.014761 seconds 
========================================================================
Received Import Request.
  Time since last request: 4.321837 seconds.
  path: Assets/UnityTechnologies/Playground/_INTERNAL_/Resources/Meshes/RotateArrow.fbx
  artifactKey: Guid(87aafc99a2a7c427a827d77c2ee799fe) Importer(815301076,1909f56bfc062723c751e8b465ee728b)
Start importing Assets/UnityTechnologies/Playground/_INTERNAL_/Resources/Meshes/RotateArrow.fbx using Guid(87aafc99a2a7c427a827d77c2ee799fe) Importer(815301076,1909f56bfc062723c751e8b465ee728b)  -> (artifact id: '05c328a7ea3d2a68c8982794b4152c8a') in 0.347803 seconds 
========================================================================
Received Import Request.
  Time since last request: 4.599456 seconds.
  path: Assets/UnityTechnologies/Playground/_INTERNAL_/Resources/Textures/MidGrey.png
  artifactKey: Guid(3faab39d77dcf4780b583401bfca61b8) Importer(815301076,1909f56bfc062723c751e8b465ee728b)
Start importing Assets/UnityTechnologies/Playground/_INTERNAL_/Resources/Textures/MidGrey.png using Guid(3faab39d77dcf4780b583401bfca61b8) Importer(815301076,1909f56bfc062723c751e8b465ee728b)  -> (artifact id: '9e5534bb8f9dc6107f6babe55f66a60c') in 0.034767 seconds 
========================================================================
Received Import Request.
  Time since last request: 0.000028 seconds.
  path: Assets/UnityTechnologies/Playground/_INTERNAL_/Resources/Textures/Red.png
  artifactKey: Guid(453cca9daa3504127844e3045d280021) Importer(815301076,1909f56bfc062723c751e8b465ee728b)
Start importing Assets/UnityTechnologies/Playground/_INTERNAL_/Resources/Textures/Red.png using Guid(453cca9daa3504127844e3045d280021) Importer(815301076,1909f56bfc062723c751e8b465ee728b)  -> (artifact id: 'bf0ffd54da4ffeae2e3b35faaabe1e95') in 0.035198 seconds 
========================================================================
Received Import Request.
  Time since last request: 18.923983 seconds.
  path: Assets/TextMesh Pro/Resources/Fonts & Materials/LiberationSans SDF.asset
  artifactKey: Guid(8f586378b4e144a9851e7b34d9b748ee) Importer(815301076,1909f56bfc062723c751e8b465ee728b)
Start importing Assets/TextMesh Pro/Resources/Fonts & Materials/LiberationSans SDF.asset using Guid(8f586378b4e144a9851e7b34d9b748ee) Importer(815301076,1909f56bfc062723c751e8b465ee728b)  -> (artifact id: '4e7690e52077d25b751cab0739315f6a') in 0.148971 seconds 
========================================================================
Received Import Request.
  Time since last request: 0.000029 seconds.
  path: Assets/TextMesh Pro/Resources/Fonts & Materials/LiberationSans SDF - Fallback.asset
  artifactKey: Guid(2e498d1c8094910479dc3e1b768306a4) Importer(815301076,1909f56bfc062723c751e8b465ee728b)
Start importing Assets/TextMesh Pro/Resources/Fonts & Materials/LiberationSans SDF - Fallback.asset using Guid(2e498d1c8094910479dc3e1b768306a4) Importer(815301076,1909f56bfc062723c751e8b465ee728b)  -> (artifact id: 'e92959a1734da9727477e5a3ab10230b') in 0.024059 seconds 
========================================================================
Received Import Request.
  Time since last request: 7.951816 seconds.
  path: Assets/UnityTechnologies/Playground/Images/FloorTiles/BlockStoneFloor.png
  artifactKey: Guid(06ba543b82712b147b6f04d28e8dbdda) Importer(815301076,1909f56bfc062723c751e8b465ee728b)
Start importing Assets/UnityTechnologies/Playground/Images/FloorTiles/BlockStoneFloor.png using Guid(06ba543b82712b147b6f04d28e8dbdda) Importer(815301076,1909f56bfc062723c751e8b465ee728b)  -> (artifact id: 'bdd46728ec603e25ec0f784faf074b02') in 0.037198 seconds 
========================================================================
Received Import Request.
  Time since last request: 0.000031 seconds.
  path: Assets/TextMesh Pro/Resources/Style Sheets/Default Style Sheet.asset
  artifactKey: Guid(f952c082cb03451daed3ee968ac6c63e) Importer(815301076,1909f56bfc062723c751e8b465ee728b)
Start importing Assets/TextMesh Pro/Resources/Style Sheets/Default Style Sheet.asset using Guid(f952c082cb03451daed3ee968ac6c63e) Importer(815301076,1909f56bfc062723c751e8b465ee728b)  -> (artifact id: 'c72200549b97ff12ff44a36c3fabf96c') in 0.021458 seconds 
========================================================================
Received Import Request.
  Time since last request: 0.000037 seconds.
  path: Assets/UnityTechnologies/Playground/Examples/Adventure/Tiles/CobblestoneFloor2.asset
  artifactKey: Guid(1e84b552c3d06194db19212ca5cf9306) Importer(815301076,1909f56bfc062723c751e8b465ee728b)
Start importing Assets/UnityTechnologies/Playground/Examples/Adventure/Tiles/CobblestoneFloor2.asset using Guid(1e84b552c3d06194db19212ca5cf9306) Importer(815301076,1909f56bfc062723c751e8b465ee728b)  -> (artifact id: 'f340eab33373e53f58b15a723fb4ed8a') in 0.038068 seconds 
Editor requested this worker to shutdown with reason: Scaling down because of idle timeout
AssetImportWorker is now disconnected from the server
Process exiting
Exiting without the bug reporter. Application will terminate with return code 0